nohup: ignoring input
Invalid HTTP_HOST header: '192.168.199.19:8888'. You may need to add u'192.168.199.19' to ALLOWED_HOSTS.
[12/Aug/2019 04:46:26] "GET / HTTP/1.1" 400 61933
Invalid HTTP_HOST header: '192.168.199.19:8888'. You may need to add u'192.168.199.19' to ALLOWED_HOSTS.
[12/Aug/2019 04:46:26] "GET /favicon.ico HTTP/1.1" 400 62109
Performing system checks...

System check identified no issues (0 silenced).

You have 13 unapplied migration(s). Your project may not work properly until you apply the migrations for app(s): admin, auth, contenttypes, sessions.
Run 'python manage.py migrate' to apply them.
August 12, 2019 - 04:35:14
Django version 1.11, using settings 'webhook.settings'
Starting development server at http://0.0.0.0:8888/
Quit the server with CONTROL-C.
error: cannot open .git/FETCH_HEAD: Permission denied
[12/Aug/2019 04:47:17] "GET / HTTP/1.1" 200 3
error: cannot open .git/FETCH_HEAD: Permission denied
[12/Aug/2019 04:47:17] "GET /favicon.ico HTTP/1.1" 200 3
error: cannot open .git/FETCH_HEAD: Permission denied
[12/Aug/2019 04:47:18] "GET / HTTP/1.1" 200 3
error: cannot open .git/FETCH_HEAD: Permission denied
[12/Aug/2019 04:47:18] "GET /favicon.ico HTTP/1.1" 200 3
Already up-to-date.
[12/Aug/2019 04:50:46] "GET / HTTP/1.1" 200 1
Already up-to-date.
[12/Aug/2019 04:50:47] "GET /favicon.ico HTTP/1.1" 200 1
Already up-to-date.
all done
[12/Aug/2019 04:51:13] "GET / HTTP/1.1" 200 1
Already up-to-date.
all done
[12/Aug/2019 04:51:14] "GET /favicon.ico HTTP/1.1" 200 1
Already up-to-date.
all done
[12/Aug/2019 04:51:14] "GET / HTTP/1.1" 200 1
Already up-to-date.
all done
[12/Aug/2019 04:51:15] "GET /favicon.ico HTTP/1.1" 200 1
Performing system checks...

System check identified no issues (0 silenced).

You have 13 unapplied migration(s). Your project may not work properly until you apply the migrations for app(s): admin, auth, contenttypes, sessions.
Run 'python manage.py migrate' to apply them.
August 12, 2019 - 04:47:07
Django version 1.11, using settings 'webhook.settings'
Starting development server at http://0.0.0.0:8888/
Quit the server with CONTROL-C.
Already up-to-date.
all done
Internal Server Error: /
Traceback (most recent call last):
  File "/usr/local/lib/python2.7/dist-packages/django/core/handlers/exception.py", line 41, in inner
    response = get_response(request)
  File "/usr/local/lib/python2.7/dist-packages/django/core/handlers/base.py", line 187, in _get_response
    response = self.process_exception_by_middleware(e, request)
  File "/usr/local/lib/python2.7/dist-packages/django/core/handlers/base.py", line 185, in _get_response
    response = wrapped_callback(request, *callback_args, **callback_kwargs)
  File "/home/tangxu/webhook/webhook/views.py", line 9, in index
    return HttpResponse(val+str(val))
TypeError: unsupported operand type(s) for +: 'int' and 'str'
[12/Aug/2019 04:52:43] "GET / HTTP/1.1" 500 63218
Already up-to-date.
all done
Internal Server Error: /favicon.ico
Traceback (most recent call last):
  File "/usr/local/lib/python2.7/dist-packages/django/core/handlers/exception.py", line 41, in inner
    response = get_response(request)
  File "/usr/local/lib/python2.7/dist-packages/django/core/handlers/base.py", line 187, in _get_response
    response = self.process_exception_by_middleware(e, request)
  File "/usr/local/lib/python2.7/dist-packages/django/core/handlers/base.py", line 185, in _get_response
    response = wrapped_callback(request, *callback_args, **callback_kwargs)
  File "/home/tangxu/webhook/webhook/views.py", line 9, in index
    return HttpResponse(val+str(val))
TypeError: unsupported operand type(s) for +: 'int' and 'str'
[12/Aug/2019 04:52:43] "GET /favicon.ico HTTP/1.1" 500 63394
Already up-to-date.
all done
Internal Server Error: /
Traceback (most recent call last):
  File "/usr/local/lib/python2.7/dist-packages/django/core/handlers/exception.py", line 41, in inner
    response = get_response(request)
  File "/usr/local/lib/python2.7/dist-packages/django/core/handlers/base.py", line 187, in _get_response
    response = self.process_exception_by_middleware(e, request)
  File "/usr/local/lib/python2.7/dist-packages/django/core/handlers/base.py", line 185, in _get_response
    response = wrapped_callback(request, *callback_args, **callback_kwargs)
  File "/home/tangxu/webhook/webhook/views.py", line 9, in index
    return HttpResponse(val+str(val))
TypeError: unsupported operand type(s) for +: 'int' and 'str'
[12/Aug/2019 04:52:48] "GET / HTTP/1.1" 500 63218
Already up-to-date.
all done
Internal Server Error: /favicon.ico
Traceback (most recent call last):
  File "/usr/local/lib/python2.7/dist-packages/django/core/handlers/exception.py", line 41, in inner
    response = get_response(request)
  File "/usr/local/lib/python2.7/dist-packages/django/core/handlers/base.py", line 187, in _get_response
    response = self.process_exception_by_middleware(e, request)
  File "/usr/local/lib/python2.7/dist-packages/django/core/handlers/base.py", line 185, in _get_response
    response = wrapped_callback(request, *callback_args, **callback_kwargs)
  File "/home/tangxu/webhook/webhook/views.py", line 9, in index
    return HttpResponse(val+str(val))
TypeError: unsupported operand type(s) for +: 'int' and 'str'
[12/Aug/2019 04:52:49] "GET /favicon.ico HTTP/1.1" 500 63394
Already up-to-date.
all done
Internal Server Error: /
Traceback (most recent call last):
  File "/usr/local/lib/python2.7/dist-packages/django/core/handlers/exception.py", line 41, in inner
    response = get_response(request)
  File "/usr/local/lib/python2.7/dist-packages/django/core/handlers/base.py", line 187, in _get_response
    response = self.process_exception_by_middleware(e, request)
  File "/usr/local/lib/python2.7/dist-packages/django/core/handlers/base.py", line 185, in _get_response
    response = wrapped_callback(request, *callback_args, **callback_kwargs)
  File "/home/tangxu/webhook/webhook/views.py", line 9, in index
    return HttpResponse(val+str(val))
TypeError: unsupported operand type(s) for +: 'int' and 'str'
[12/Aug/2019 04:52:49] "GET / HTTP/1.1" 500 63218
Already up-to-date.
all done
Internal Server Error: /favicon.ico
Traceback (most recent call last):
  File "/usr/local/lib/python2.7/dist-packages/django/core/handlers/exception.py", line 41, in inner
    response = get_response(request)
  File "/usr/local/lib/python2.7/dist-packages/django/core/handlers/base.py", line 187, in _get_response
    response = self.process_exception_by_middleware(e, request)
  File "/usr/local/lib/python2.7/dist-packages/django/core/handlers/base.py", line 185, in _get_response
    response = wrapped_callback(request, *callback_args, **callback_kwargs)
  File "/home/tangxu/webhook/webhook/views.py", line 9, in index
    return HttpResponse(val+str(val))
TypeError: unsupported operand type(s) for +: 'int' and 'str'
[12/Aug/2019 04:52:50] "GET /favicon.ico HTTP/1.1" 500 63394
Performing system checks...

System check identified no issues (0 silenced).

You have 13 unapplied migration(s). Your project may not work properly until you apply the migrations for app(s): admin, auth, contenttypes, sessions.
Run 'python manage.py migrate' to apply them.
August 12, 2019 - 04:52:41
Django version 1.11, using settings 'webhook.settings'
Starting development server at http://0.0.0.0:8888/
Quit the server with CONTROL-C.
Already up-to-date.
all done
[12/Aug/2019 04:53:37] "GET / HTTP/1.1" 200 1
Already up-to-date.
all done
[12/Aug/2019 04:53:38] "GET /favicon.ico HTTP/1.1" 200 1
Already up-to-date.
all done
[12/Aug/2019 04:53:38] "GET / HTTP/1.1" 200 1
Already up-to-date.
all done
[12/Aug/2019 04:53:39] "GET /favicon.ico HTTP/1.1" 200 1
Already up-to-date.
all done
[12/Aug/2019 04:53:41] "GET / HTTP/1.1" 200 1
Already up-to-date.
all done
[12/Aug/2019 04:53:41] "GET /favicon.ico HTTP/1.1" 200 1
Already up-to-date.
all done
[12/Aug/2019 04:53:42] "GET / HTTP/1.1" 200 1
Already up-to-date.
all done
[12/Aug/2019 04:53:42] "GET /favicon.ico HTTP/1.1" 200 1
Already up-to-date.
all done
[12/Aug/2019 04:53:43] "GET / HTTP/1.1" 200 1
Already up-to-date.
all done
[12/Aug/2019 04:53:43] "GET / HTTP/1.1" 200 1
Already up-to-date.
all done
[12/Aug/2019 04:53:44] "GET /favicon.ico HTTP/1.1" 200 1
Performing system checks...

System check identified no issues (0 silenced).

You have 13 unapplied migration(s). Your project may not work properly until you apply the migrations for app(s): admin, auth, contenttypes, sessions.
Run 'python manage.py migrate' to apply them.
August 12, 2019 - 04:53:36
Django version 1.11, using settings 'webhook.settings'
Starting development server at http://0.0.0.0:8888/
Quit the server with CONTROL-C.
[12/Aug/2019 04:55:16] "GET / HTTP/1.1" 200 29
[12/Aug/2019 04:55:17] "GET /favicon.ico HTTP/1.1" 200 29
[12/Aug/2019 04:55:18] "GET / HTTP/1.1" 200 29
[12/Aug/2019 04:55:18] "GET /favicon.ico HTTP/1.1" 200 29
Forbidden (CSRF cookie not set.): /
[12/Aug/2019 04:56:07] "POST / HTTP/1.1" 403 2857
Forbidden (CSRF cookie not set.): /
[12/Aug/2019 04:56:31] "POST / HTTP/1.1" 403 2857
Performing system checks...

System check identified no issues (0 silenced).

You have 13 unapplied migration(s). Your project may not work properly until you apply the migrations for app(s): admin, auth, contenttypes, sessions.
Run 'python manage.py migrate' to apply them.
August 12, 2019 - 04:55:15
Django version 1.11, using settings 'webhook.settings'
Starting development server at http://0.0.0.0:8888/
Quit the server with CONTROL-C.
From ssh://gitlab.ezbuy.me:10022/devops/ops-waf
   0790528..632e8bc  master     -> origin/master
[12/Aug/2019 04:57:00] "POST / HTTP/1.1" 200 105
From ssh://gitlab.ezbuy.me:10022/devops/ops-waf
   632e8bc..e8fb854  master     -> origin/master
[12/Aug/2019 05:09:44] "POST / HTTP/1.1" 200 117
[12/Aug/2019 05:09:47] "GET / HTTP/1.1" 200 20
[12/Aug/2019 05:09:48] "GET /favicon.ico HTTP/1.1" 200 20
From ssh://gitlab.ezbuy.me:10022/devops/ops-waf
   e8fb854..4870d10  master     -> origin/master
[12/Aug/2019 07:08:25] "POST / HTTP/1.1" 200 269
From ssh://gitlab.ezbuy.me:10022/devops/ops-waf
   4870d10..7547447  master     -> origin/master
[12/Aug/2019 07:22:30] "POST / HTTP/1.1" 200 126
From ssh://gitlab.ezbuy.me:10022/devops/ops-waf
   7547447..29a9a31  master     -> origin/master
[12/Aug/2019 07:23:36] "POST / HTTP/1.1" 200 103
From ssh://gitlab.ezbuy.me:10022/devops/ops-waf
   29a9a31..476a322  master     -> origin/master
[12/Aug/2019 07:26:47] "POST / HTTP/1.1" 200 107
From ssh://gitlab.ezbuy.me:10022/devops/ops-waf
   476a322..8d34ebf  master     -> origin/master
[12/Aug/2019 07:31:37] "POST / HTTP/1.1" 200 157
From ssh://gitlab.ezbuy.me:10022/devops/ops-waf
   8d34ebf..0d3bea2  master     -> origin/master
[12/Aug/2019 07:32:22] "POST / HTTP/1.1" 200 111
From ssh://gitlab.ezbuy.me:10022/devops/ops-waf
   0d3bea2..212cc0e  master     -> origin/master
[12/Aug/2019 07:33:38] "POST / HTTP/1.1" 200 103
From ssh://gitlab.ezbuy.me:10022/devops/ops-waf
   212cc0e..2ae06e3  master     -> origin/master
[12/Aug/2019 07:34:06] "POST / HTTP/1.1" 200 108
From ssh://gitlab.ezbuy.me:10022/devops/ops-waf
   2ae06e3..92327c7  master     -> origin/master
[12/Aug/2019 07:35:07] "POST / HTTP/1.1" 200 102
From ssh://gitlab.ezbuy.me:10022/devops/ops-waf
   92327c7..fa00472  master     -> origin/master
[12/Aug/2019 07:39:03] "POST / HTTP/1.1" 200 105
From ssh://gitlab.ezbuy.me:10022/devops/ops-waf
   fa00472..e6f71e6  master     -> origin/master
[12/Aug/2019 07:39:24] "POST / HTTP/1.1" 200 110
From ssh://gitlab.ezbuy.me:10022/devops/ops-waf
   e6f71e6..f9916c1  master     -> origin/master
[12/Aug/2019 07:39:54] "POST / HTTP/1.1" 200 86
From ssh://gitlab.ezbuy.me:10022/devops/ops-waf
   f9916c1..5b3f643  master     -> origin/master
[12/Aug/2019 07:40:23] "POST / HTTP/1.1" 200 107
From ssh://gitlab.ezbuy.me:10022/devops/ops-waf
   5b3f643..d6501cc  master     -> origin/master
[12/Aug/2019 07:46:19] "POST / HTTP/1.1" 200 133
From ssh://gitlab.ezbuy.me:10022/devops/ops-waf
   d6501cc..cf49874  master     -> origin/master
[12/Aug/2019 07:47:10] "POST / HTTP/1.1" 200 125
From ssh://gitlab.ezbuy.me:10022/devops/ops-waf
   cf49874..8eb9efd  master     -> origin/master
[12/Aug/2019 07:53:41] "POST / HTTP/1.1" 200 110
From ssh://gitlab.ezbuy.me:10022/devops/ops-waf
   8eb9efd..471601b  master     -> origin/master
[12/Aug/2019 07:54:25] "POST / HTTP/1.1" 200 105
From ssh://gitlab.ezbuy.me:10022/devops/ops-waf
   471601b..83d446b  master     -> origin/master
[12/Aug/2019 07:55:21] "POST / HTTP/1.1" 200 87
From ssh://gitlab.ezbuy.me:10022/devops/ops-waf
   83d446b..4a7752e  master     -> origin/master
[12/Aug/2019 07:57:10] "POST / HTTP/1.1" 200 105
From ssh://gitlab.ezbuy.me:10022/devops/ops-waf
   4a7752e..58b4ea4  master     -> origin/master
[12/Aug/2019 07:57:28] "POST / HTTP/1.1" 200 107
From ssh://gitlab.ezbuy.me:10022/devops/ops-waf
   58b4ea4..476cbe0  master     -> origin/master
[12/Aug/2019 08:00:47] "POST / HTTP/1.1" 200 103
From ssh://gitlab.ezbuy.me:10022/devops/ops-waf
   476cbe0..c995655  master     -> origin/master
[12/Aug/2019 08:03:20] "POST / HTTP/1.1" 200 103
From ssh://gitlab.ezbuy.me:10022/devops/ops-waf
   c995655..6255c11  master     -> origin/master
[12/Aug/2019 08:04:44] "POST / HTTP/1.1" 200 131
From ssh://gitlab.ezbuy.me:10022/devops/ops-waf
   6255c11..5d74020  master     -> origin/master
[12/Aug/2019 08:09:37] "POST / HTTP/1.1" 200 167
From ssh://gitlab.ezbuy.me:10022/devops/ops-waf
   5d74020..c4dc537  master     -> origin/master
[12/Aug/2019 08:12:26] "POST / HTTP/1.1" 200 143
From ssh://gitlab.ezbuy.me:10022/devops/ops-waf
   c4dc537..5615800  master     -> origin/master
[12/Aug/2019 08:20:08] "POST / HTTP/1.1" 200 192
From ssh://gitlab.ezbuy.me:10022/devops/ops-waf
   5615800..ac19591  master     -> origin/master
[12/Aug/2019 08:21:17] "POST / HTTP/1.1" 200 107
From ssh://gitlab.ezbuy.me:10022/devops/ops-waf
   ac19591..e58d206  master     -> origin/master
[12/Aug/2019 08:22:33] "POST / HTTP/1.1" 200 104
From ssh://gitlab.ezbuy.me:10022/devops/ops-waf
   e58d206..5737a11  master     -> origin/master
[12/Aug/2019 08:25:18] "POST / HTTP/1.1" 200 87
From ssh://gitlab.ezbuy.me:10022/devops/ops-waf
   5737a11..882afa3  master     -> origin/master
[12/Aug/2019 08:29:53] "POST / HTTP/1.1" 200 126
From ssh://gitlab.ezbuy.me:10022/devops/ops-waf
   882afa3..d951b4e  master     -> origin/master
[12/Aug/2019 08:31:30] "POST / HTTP/1.1" 200 104
From ssh://gitlab.ezbuy.me:10022/devops/ops-waf
   d951b4e..3e5f72e  master     -> origin/master
[12/Aug/2019 08:42:54] "POST / HTTP/1.1" 200 113
From ssh://gitlab.ezbuy.me:10022/devops/ops-waf
   3e5f72e..d1e403c  master     -> origin/master
[12/Aug/2019 08:43:22] "POST / HTTP/1.1" 200 87
From ssh://gitlab.ezbuy.me:10022/devops/ops-waf
   d1e403c..a772db0  master     -> origin/master
[12/Aug/2019 08:45:07] "POST / HTTP/1.1" 200 111
From ssh://gitlab.ezbuy.me:10022/devops/ops-waf
   a772db0..1fba03a  master     -> origin/master
[12/Aug/2019 08:48:26] "POST / HTTP/1.1" 200 106
From ssh://gitlab.ezbuy.me:10022/devops/ops-waf
   1fba03a..3673d18  master     -> origin/master
[12/Aug/2019 08:48:46] "POST / HTTP/1.1" 200 105
From ssh://gitlab.ezbuy.me:10022/devops/ops-waf
   3673d18..ccbd08f  master     -> origin/master
[12/Aug/2019 08:50:09] "POST / HTTP/1.1" 200 104
From ssh://gitlab.ezbuy.me:10022/devops/ops-waf
   ccbd08f..ff35b11  master     -> origin/master
[12/Aug/2019 08:58:00] "POST / HTTP/1.1" 200 114
From ssh://gitlab.ezbuy.me:10022/devops/ops-waf
   ff35b11..aec6075  master     -> origin/master
[12/Aug/2019 09:06:24] "POST / HTTP/1.1" 200 110
From ssh://gitlab.ezbuy.me:10022/devops/ops-waf
   aec6075..6765741  master     -> origin/master
[12/Aug/2019 09:07:11] "POST / HTTP/1.1" 200 111
From ssh://gitlab.ezbuy.me:10022/devops/ops-waf
   6765741..9e652e8  master     -> origin/master
[12/Aug/2019 09:08:13] "POST / HTTP/1.1" 200 118
From ssh://gitlab.ezbuy.me:10022/devops/ops-waf
   9e652e8..1c3b462  master     -> origin/master
[12/Aug/2019 09:08:36] "POST / HTTP/1.1" 200 104
From ssh://gitlab.ezbuy.me:10022/devops/ops-waf
   1c3b462..a851c94  master     -> origin/master
[12/Aug/2019 09:11:28] "POST / HTTP/1.1" 200 116
From ssh://gitlab.ezbuy.me:10022/devops/ops-waf
   a851c94..87c90de  master     -> origin/master
[12/Aug/2019 09:13:19] "POST / HTTP/1.1" 200 104
From ssh://gitlab.ezbuy.me:10022/devops/ops-waf
   87c90de..178df37  master     -> origin/master
[12/Aug/2019 09:13:37] "POST / HTTP/1.1" 200 104
From ssh://gitlab.ezbuy.me:10022/devops/ops-waf
   178df37..3851fa1  master     -> origin/master
[12/Aug/2019 09:13:59] "POST / HTTP/1.1" 200 104
From ssh://gitlab.ezbuy.me:10022/devops/ops-waf
   3851fa1..a31daea  master     -> origin/master
[12/Aug/2019 09:20:13] "POST / HTTP/1.1" 200 104
From ssh://gitlab.ezbuy.me:10022/devops/ops-waf
   a31daea..97a1ca7  master     -> origin/master
[12/Aug/2019 09:21:15] "POST / HTTP/1.1" 200 104
From ssh://gitlab.ezbuy.me:10022/devops/ops-waf
   97a1ca7..992cf11  master     -> origin/master
[12/Aug/2019 09:22:01] "POST / HTTP/1.1" 200 104
From ssh://gitlab.ezbuy.me:10022/devops/ops-waf
   992cf11..8aaa5da  master     -> origin/master
[12/Aug/2019 09:22:25] "POST / HTTP/1.1" 200 104
From ssh://gitlab.ezbuy.me:10022/devops/ops-waf
   8aaa5da..9b1cfff  master     -> origin/master
[12/Aug/2019 09:28:22] "POST / HTTP/1.1" 200 107
From ssh://gitlab.ezbuy.me:10022/devops/ops-waf
   9b1cfff..e6a7bcb  master     -> origin/master
[12/Aug/2019 09:34:38] "POST / HTTP/1.1" 200 158
From ssh://gitlab.ezbuy.me:10022/devops/ops-waf
   e6a7bcb..de68e09  master     -> origin/master
[12/Aug/2019 09:36:50] "POST / HTTP/1.1" 200 115
From ssh://gitlab.ezbuy.me:10022/devops/ops-waf
   de68e09..97d1398  master     -> origin/master
[12/Aug/2019 09:44:55] "POST / HTTP/1.1" 200 191
From ssh://gitlab.ezbuy.me:10022/devops/ops-waf
   97d1398..0ef914b  master     -> origin/master
[12/Aug/2019 09:45:21] "POST / HTTP/1.1" 200 161
From ssh://gitlab.ezbuy.me:10022/devops/ops-waf
   0ef914b..b4c62de  master     -> origin/master
[12/Aug/2019 09:46:13] "POST / HTTP/1.1" 200 112
From ssh://gitlab.ezbuy.me:10022/devops/ops-waf
   b4c62de..383c460  master     -> origin/master
[12/Aug/2019 09:47:10] "POST / HTTP/1.1" 200 86
From ssh://gitlab.ezbuy.me:10022/devops/ops-waf
   383c460..e6759e0  master     -> origin/master
[12/Aug/2019 09:47:57] "POST / HTTP/1.1" 200 108
From ssh://gitlab.ezbuy.me:10022/devops/ops-waf
   e6759e0..b20d791  master     -> origin/master
[12/Aug/2019 09:51:56] "POST / HTTP/1.1" 200 108
From ssh://gitlab.ezbuy.me:10022/devops/ops-waf
   b20d791..5583f96  master     -> origin/master
[12/Aug/2019 09:53:11] "POST / HTTP/1.1" 200 108
From ssh://gitlab.ezbuy.me:10022/devops/ops-waf
   5583f96..8b45a9d  master     -> origin/master
[12/Aug/2019 09:53:29] "POST / HTTP/1.1" 200 108
From ssh://gitlab.ezbuy.me:10022/devops/ops-waf
   8b45a9d..1a35081  master     -> origin/master
[12/Aug/2019 09:57:55] "POST / HTTP/1.1" 200 130
From ssh://gitlab.ezbuy.me:10022/devops/ops-waf
   1a35081..d011228  master     -> origin/master
[12/Aug/2019 09:59:35] "POST / HTTP/1.1" 200 113
From ssh://gitlab.ezbuy.me:10022/devops/ops-waf
   d011228..5cbd9ec  master     -> origin/master
[12/Aug/2019 10:01:32] "POST / HTTP/1.1" 200 87
From ssh://gitlab.ezbuy.me:10022/devops/ops-waf
   5cbd9ec..1dc4279  master     -> origin/master
[12/Aug/2019 10:02:53] "POST / HTTP/1.1" 200 109
From ssh://gitlab.ezbuy.me:10022/devops/ops-waf
   1dc4279..1931084  master     -> origin/master
[12/Aug/2019 10:03:51] "POST / HTTP/1.1" 200 124
From ssh://gitlab.ezbuy.me:10022/devops/ops-waf
   1931084..cc7c903  master     -> origin/master
[12/Aug/2019 10:04:38] "POST / HTTP/1.1" 200 94
From ssh://gitlab.ezbuy.me:10022/devops/ops-waf
   cc7c903..82252a0  master     -> origin/master
[12/Aug/2019 10:06:21] "POST / HTTP/1.1" 200 143
From ssh://gitlab.ezbuy.me:10022/devops/ops-waf
   82252a0..1f650df  master     -> origin/master
[12/Aug/2019 10:07:07] "POST / HTTP/1.1" 200 113
From ssh://gitlab.ezbuy.me:10022/devops/ops-waf
   1f650df..135f409  master     -> origin/master
[12/Aug/2019 10:07:39] "POST / HTTP/1.1" 200 118
From ssh://gitlab.ezbuy.me:10022/devops/ops-waf
   135f409..b747d70  master     -> origin/master
[12/Aug/2019 10:08:38] "POST / HTTP/1.1" 200 104
From ssh://gitlab.ezbuy.me:10022/devops/ops-waf
   b747d70..36b96a0  master     -> origin/master
[12/Aug/2019 10:10:50] "POST / HTTP/1.1" 200 104
From ssh://gitlab.ezbuy.me:10022/devops/ops-waf
   36b96a0..a3a2c78  master     -> origin/master
[12/Aug/2019 10:11:35] "POST / HTTP/1.1" 200 107
From ssh://gitlab.ezbuy.me:10022/devops/ops-waf
   a3a2c78..78dbfda  master     -> origin/master
[12/Aug/2019 10:13:56] "POST / HTTP/1.1" 200 104
From ssh://gitlab.ezbuy.me:10022/devops/ops-waf
   78dbfda..e89bb5a  master     -> origin/master
[12/Aug/2019 10:15:42] "POST / HTTP/1.1" 200 113
From ssh://gitlab.ezbuy.me:10022/devops/ops-waf
   e89bb5a..f12ac99  master     -> origin/master
[12/Aug/2019 10:16:15] "POST / HTTP/1.1" 200 104
From ssh://gitlab.ezbuy.me:10022/devops/ops-waf
   f12ac99..406b2fe  master     -> origin/master
[12/Aug/2019 10:16:55] "POST / HTTP/1.1" 200 108
From ssh://gitlab.ezbuy.me:10022/devops/ops-waf
   406b2fe..d3d701d  master     -> origin/master
[12/Aug/2019 10:18:11] "POST / HTTP/1.1" 200 103
From ssh://gitlab.ezbuy.me:10022/devops/ops-waf
   d3d701d..be3544a  master     -> origin/master
[12/Aug/2019 10:19:28] "POST / HTTP/1.1" 200 125
From ssh://gitlab.ezbuy.me:10022/devops/ops-waf
   be3544a..e563139  master     -> origin/master
[12/Aug/2019 10:20:57] "POST / HTTP/1.1" 200 104
From ssh://gitlab.ezbuy.me:10022/devops/ops-waf
   e563139..081d277  master     -> origin/master
[12/Aug/2019 10:21:37] "POST / HTTP/1.1" 200 103
From ssh://gitlab.ezbuy.me:10022/devops/ops-waf
   081d277..dfb07ed  master     -> origin/master
[12/Aug/2019 10:25:16] "POST / HTTP/1.1" 200 104
From ssh://gitlab.ezbuy.me:10022/devops/ops-waf
   dfb07ed..b582a07  master     -> origin/master
[12/Aug/2019 10:25:34] "POST / HTTP/1.1" 200 103
From ssh://gitlab.ezbuy.me:10022/devops/ops-waf
   b582a07..802aa1d  master     -> origin/master
[12/Aug/2019 10:28:14] "POST / HTTP/1.1" 200 112
From ssh://gitlab.ezbuy.me:10022/devops/ops-waf
   802aa1d..487435e  master     -> origin/master
[12/Aug/2019 10:32:19] "POST / HTTP/1.1" 200 142
From ssh://gitlab.ezbuy.me:10022/devops/ops-waf
   487435e..48f03da  master     -> origin/master
[12/Aug/2019 10:34:42] "POST / HTTP/1.1" 200 148
From ssh://gitlab.ezbuy.me:10022/devops/ops-waf
   48f03da..5370def  master     -> origin/master
[12/Aug/2019 10:35:13] "POST / HTTP/1.1" 200 104
From ssh://gitlab.ezbuy.me:10022/devops/ops-waf
   5370def..fde2f3c  master     -> origin/master
[12/Aug/2019 10:35:34] "POST / HTTP/1.1" 200 103
From ssh://gitlab.ezbuy.me:10022/devops/ops-waf
   fde2f3c..3450714  master     -> origin/master
[12/Aug/2019 10:36:51] "POST / HTTP/1.1" 200 129
From ssh://gitlab.ezbuy.me:10022/devops/ops-waf
   3450714..2a2f613  master     -> origin/master
[12/Aug/2019 10:37:18] "POST / HTTP/1.1" 200 104
From ssh://gitlab.ezbuy.me:10022/devops/ops-waf
   2a2f613..4b614fa  master     -> origin/master
[12/Aug/2019 10:38:03] "POST / HTTP/1.1" 200 108
From ssh://gitlab.ezbuy.me:10022/devops/ops-waf
   4b614fa..e67a01c  master     -> origin/master
[12/Aug/2019 10:42:42] "POST / HTTP/1.1" 200 105
From ssh://gitlab.ezbuy.me:10022/devops/ops-waf
   e67a01c..96489a5  master     -> origin/master
[12/Aug/2019 10:43:42] "POST / HTTP/1.1" 200 123
From ssh://gitlab.ezbuy.me:10022/devops/ops-waf
   96489a5..b7cc8b5  master     -> origin/master
[12/Aug/2019 10:44:11] "POST / HTTP/1.1" 200 103
From ssh://gitlab.ezbuy.me:10022/devops/ops-waf
   b7cc8b5..50b73c1  master     -> origin/master
[12/Aug/2019 10:46:15] "POST / HTTP/1.1" 200 127
From ssh://gitlab.ezbuy.me:10022/devops/ops-waf
   50b73c1..4bfda93  master     -> origin/master
[12/Aug/2019 10:46:52] "POST / HTTP/1.1" 200 103
From ssh://gitlab.ezbuy.me:10022/devops/ops-waf
   4bfda93..8c0c7f2  master     -> origin/master
[12/Aug/2019 10:49:41] "POST / HTTP/1.1" 200 103
From ssh://gitlab.ezbuy.me:10022/devops/ops-waf
   8c0c7f2..4a693ef  master     -> origin/master
[13/Aug/2019 01:31:27] "POST / HTTP/1.1" 200 104
From ssh://gitlab.ezbuy.me:10022/devops/ops-waf
   4a693ef..5b5324f  master     -> origin/master
[13/Aug/2019 01:34:41] "POST / HTTP/1.1" 200 125
From ssh://gitlab.ezbuy.me:10022/devops/ops-waf
   5b5324f..7c29027  master     -> origin/master
[13/Aug/2019 01:36:18] "POST / HTTP/1.1" 200 117
From ssh://gitlab.ezbuy.me:10022/devops/ops-waf
   7c29027..f571881  master     -> origin/master
[13/Aug/2019 01:38:56] "POST / HTTP/1.1" 200 107
From ssh://gitlab.ezbuy.me:10022/devops/ops-waf
   f571881..28f1bce  master     -> origin/master
[13/Aug/2019 01:41:54] "POST / HTTP/1.1" 200 104
From ssh://gitlab.ezbuy.me:10022/devops/ops-waf
   28f1bce..6cf0193  master     -> origin/master
[13/Aug/2019 01:44:08] "POST / HTTP/1.1" 200 127
From ssh://gitlab.ezbuy.me:10022/devops/ops-waf
   6cf0193..d272671  master     -> origin/master
[13/Aug/2019 01:46:50] "POST / HTTP/1.1" 200 141
From ssh://gitlab.ezbuy.me:10022/devops/ops-waf
   d272671..1984afb  master     -> origin/master
[13/Aug/2019 01:54:43] "POST / HTTP/1.1" 200 107
From ssh://gitlab.ezbuy.me:10022/devops/ops-waf
   1984afb..7faac54  master     -> origin/master
[13/Aug/2019 01:55:59] "POST / HTTP/1.1" 200 106
From ssh://gitlab.ezbuy.me:10022/devops/ops-waf
   7faac54..e3c0552  master     -> origin/master
[13/Aug/2019 01:56:47] "POST / HTTP/1.1" 200 103
From ssh://gitlab.ezbuy.me:10022/devops/ops-waf
   e3c0552..9387d46  master     -> origin/master
[13/Aug/2019 01:57:16] "POST / HTTP/1.1" 200 103
From ssh://gitlab.ezbuy.me:10022/devops/ops-waf
   9387d46..1310455  master     -> origin/master
[13/Aug/2019 01:57:52] "POST / HTTP/1.1" 200 89
From ssh://gitlab.ezbuy.me:10022/devops/ops-waf
   1310455..5fca916  master     -> origin/master
[13/Aug/2019 01:58:45] "POST / HTTP/1.1" 200 137
From ssh://gitlab.ezbuy.me:10022/devops/ops-waf
   5fca916..d1b7316  master     -> origin/master
[13/Aug/2019 01:59:11] "POST / HTTP/1.1" 200 103
From ssh://gitlab.ezbuy.me:10022/devops/ops-waf
   d1b7316..a069c02  master     -> origin/master
[13/Aug/2019 01:59:43] "POST / HTTP/1.1" 200 107
From ssh://gitlab.ezbuy.me:10022/devops/ops-waf
   a069c02..9f2d73d  master     -> origin/master
[13/Aug/2019 02:01:18] "POST / HTTP/1.1" 200 106
From ssh://gitlab.ezbuy.me:10022/devops/ops-waf
   9f2d73d..d0359a6  master     -> origin/master
[13/Aug/2019 02:04:16] "POST / HTTP/1.1" 200 107
From ssh://gitlab.ezbuy.me:10022/devops/ops-waf
   d0359a6..c5fc679  master     -> origin/master
[13/Aug/2019 02:04:45] "POST / HTTP/1.1" 200 103
From ssh://gitlab.ezbuy.me:10022/devops/ops-waf
   c5fc679..ae60431  master     -> origin/master
[13/Aug/2019 02:05:27] "POST / HTTP/1.1" 200 103
From ssh://gitlab.ezbuy.me:10022/devops/ops-waf
   ae60431..de8df5e  master     -> origin/master
[13/Aug/2019 02:07:18] "POST / HTTP/1.1" 200 109
From ssh://gitlab.ezbuy.me:10022/devops/ops-waf
   de8df5e..91a9e11  master     -> origin/master
[13/Aug/2019 02:08:58] "POST / HTTP/1.1" 200 105
From ssh://gitlab.ezbuy.me:10022/devops/ops-waf
   91a9e11..d9fb779  master     -> origin/master
[13/Aug/2019 02:09:32] "POST / HTTP/1.1" 200 109
From ssh://gitlab.ezbuy.me:10022/devops/ops-waf
   d9fb779..d41f010  master     -> origin/master
[13/Aug/2019 02:10:04] "POST / HTTP/1.1" 200 111
From ssh://gitlab.ezbuy.me:10022/devops/ops-waf
   d41f010..4971bc7  master     -> origin/master
[13/Aug/2019 02:10:28] "POST / HTTP/1.1" 200 111
From ssh://gitlab.ezbuy.me:10022/devops/ops-waf
   4971bc7..a9ae576  master     -> origin/master
[13/Aug/2019 02:12:06] "POST / HTTP/1.1" 200 108
From ssh://gitlab.ezbuy.me:10022/devops/ops-waf
   a9ae576..7e9f542  master     -> origin/master
[13/Aug/2019 02:12:45] "POST / HTTP/1.1" 200 103
From ssh://gitlab.ezbuy.me:10022/devops/ops-waf
   7e9f542..81d467e  master     -> origin/master
[13/Aug/2019 02:43:01] "POST / HTTP/1.1" 200 153
From ssh://gitlab.ezbuy.me:10022/devops/ops-waf
   81d467e..f46cf4e  master     -> origin/master
[13/Aug/2019 02:44:05] "POST / HTTP/1.1" 200 104
From ssh://gitlab.ezbuy.me:10022/devops/ops-waf
   f46cf4e..3d9095d  master     -> origin/master
[15/Aug/2019 07:08:36] "POST / HTTP/1.1" 200 154
From ssh://gitlab.ezbuy.me:10022/devops/ops-waf
   3d9095d..21b9464  master     -> origin/master
[15/Aug/2019 08:59:02] "POST / HTTP/1.1" 200 386
From ssh://gitlab.ezbuy.me:10022/devops/ops-waf
   21b9464..0066a32  master     -> origin/master
[19/Aug/2019 04:16:42] "POST / HTTP/1.1" 200 105
From ssh://gitlab.ezbuy.me:10022/devops/ops-waf
   0066a32..2f5f4db  master     -> origin/master
[21/Aug/2019 05:53:03] "POST / HTTP/1.1" 200 136
From ssh://gitlab.ezbuy.me:10022/devops/ops-waf
   2f5f4db..e3e0b36  master     -> origin/master
[21/Aug/2019 05:58:06] "POST / HTTP/1.1" 200 103
From ssh://gitlab.ezbuy.me:10022/devops/ops-waf
   e3e0b36..fce0384  master     -> origin/master
[21/Aug/2019 05:59:02] "POST / HTTP/1.1" 200 105
From ssh://gitlab.ezbuy.me:10022/devops/ops-waf
   fce0384..d9e901f  master     -> origin/master
[21/Aug/2019 05:59:56] "POST / HTTP/1.1" 200 126
From ssh://gitlab.ezbuy.me:10022/devops/ops-waf
   d9e901f..30c4e99  master     -> origin/master
[21/Aug/2019 06:06:57] "POST / HTTP/1.1" 200 108
From ssh://gitlab.ezbuy.me:10022/devops/ops-waf
   30c4e99..c2abe92  master     -> origin/master
[21/Aug/2019 06:07:27] "POST / HTTP/1.1" 200 104
From ssh://gitlab.ezbuy.me:10022/devops/ops-waf
   c2abe92..c813b26  master     -> origin/master
[21/Aug/2019 06:08:43] "POST / HTTP/1.1" 200 104
From ssh://gitlab.ezbuy.me:10022/devops/ops-waf
   c813b26..8ef7507  master     -> origin/master
[21/Aug/2019 06:09:32] "POST / HTTP/1.1" 200 104
From ssh://gitlab.ezbuy.me:10022/devops/ops-waf
   8ef7507..9e67d06  master     -> origin/master
[21/Aug/2019 06:11:19] "POST / HTTP/1.1" 200 104
From ssh://gitlab.ezbuy.me:10022/devops/ops-waf
   9e67d06..f6ac491  master     -> origin/master
[21/Aug/2019 06:12:12] "POST / HTTP/1.1" 200 105
From ssh://gitlab.ezbuy.me:10022/devops/ops-waf
   f6ac491..e44abda  master     -> origin/master
[21/Aug/2019 06:12:30] "POST / HTTP/1.1" 200 104
From ssh://gitlab.ezbuy.me:10022/devops/ops-waf
   e44abda..1eb88cd  master     -> origin/master
[21/Aug/2019 06:13:45] "POST / HTTP/1.1" 200 104
From ssh://gitlab.ezbuy.me:10022/devops/ops-waf
   1eb88cd..b233a8f  master     -> origin/master
[21/Aug/2019 06:15:05] "POST / HTTP/1.1" 200 107
From ssh://gitlab.ezbuy.me:10022/devops/ops-waf
   b233a8f..efcada5  master     -> origin/master
[21/Aug/2019 06:15:29] "POST / HTTP/1.1" 200 104
From ssh://gitlab.ezbuy.me:10022/devops/ops-waf
   efcada5..af0a934  master     -> origin/master
[21/Aug/2019 06:15:52] "POST / HTTP/1.1" 200 108
From ssh://gitlab.ezbuy.me:10022/devops/ops-waf
   af0a934..dad1a8a  master     -> origin/master
[21/Aug/2019 06:16:24] "POST / HTTP/1.1" 200 104
[21/Aug/2019 06:17:00] "GET / HTTP/1.1" 200 20
[21/Aug/2019 06:17:01] "GET /favicon.ico HTTP/1.1" 200 20
[21/Aug/2019 06:17:04] "GET / HTTP/1.1" 200 20
[21/Aug/2019 06:17:04] "GET /favicon.ico HTTP/1.1" 200 20
From ssh://gitlab.ezbuy.me:10022/devops/ops-waf
   dad1a8a..e48365f  master     -> origin/master
[21/Aug/2019 06:18:40] "POST / HTTP/1.1" 200 126
[21/Aug/2019 06:18:42] "GET / HTTP/1.1" 200 20
[21/Aug/2019 06:18:43] "GET /favicon.ico HTTP/1.1" 200 20
From ssh://gitlab.ezbuy.me:10022/devops/ops-waf
   e48365f..d943c9f  master     -> origin/master
[21/Aug/2019 06:19:36] "POST / HTTP/1.1" 200 104
From ssh://gitlab.ezbuy.me:10022/devops/ops-waf
   d943c9f..6bdbed8  master     -> origin/master
[21/Aug/2019 06:20:09] "POST / HTTP/1.1" 200 103
From ssh://gitlab.ezbuy.me:10022/devops/ops-waf
   6bdbed8..6ce861e  master     -> origin/master
[21/Aug/2019 06:31:22] "POST / HTTP/1.1" 200 112
From ssh://gitlab.ezbuy.me:10022/devops/ops-waf
   6ce861e..2cb777d  master     -> origin/master
[21/Aug/2019 06:31:40] "POST / HTTP/1.1" 200 105
From ssh://gitlab.ezbuy.me:10022/devops/ops-waf
   2cb777d..d999f19  master     -> origin/master
[21/Aug/2019 06:33:45] "POST / HTTP/1.1" 200 106
From ssh://gitlab.ezbuy.me:10022/devops/ops-waf
   d999f19..ee9abdf  master     -> origin/master
[21/Aug/2019 06:35:10] "POST / HTTP/1.1" 200 111
From ssh://gitlab.ezbuy.me:10022/devops/ops-waf
   ee9abdf..d0ac91d  master     -> origin/master
[21/Aug/2019 06:37:24] "POST / HTTP/1.1" 200 90
From ssh://gitlab.ezbuy.me:10022/devops/ops-waf
   d0ac91d..7d2c00c  master     -> origin/master
[21/Aug/2019 06:37:44] "POST / HTTP/1.1" 200 105
From ssh://gitlab.ezbuy.me:10022/devops/ops-waf
   7d2c00c..6a8167b  master     -> origin/master
[21/Aug/2019 06:38:08] "POST / HTTP/1.1" 200 103
From ssh://gitlab.ezbuy.me:10022/devops/ops-waf
   6a8167b..e4bf368  master     -> origin/master
[21/Aug/2019 06:38:48] "POST / HTTP/1.1" 200 103
From ssh://gitlab.ezbuy.me:10022/devops/ops-waf
   e4bf368..7749b4b  master     -> origin/master
[21/Aug/2019 06:44:08] "POST / HTTP/1.1" 200 106
From ssh://gitlab.ezbuy.me:10022/devops/ops-waf
   7749b4b..eff70bc  master     -> origin/master
[21/Aug/2019 06:44:51] "POST / HTTP/1.1" 200 103
From ssh://gitlab.ezbuy.me:10022/devops/ops-waf
   eff70bc..33e6735  master     -> origin/master
[21/Aug/2019 06:45:44] "POST / HTTP/1.1" 200 88
From ssh://gitlab.ezbuy.me:10022/devops/ops-waf
   33e6735..45e2b13  master     -> origin/master
[21/Aug/2019 06:46:50] "POST / HTTP/1.1" 200 103
From ssh://gitlab.ezbuy.me:10022/devops/ops-waf
   45e2b13..237d282  master     -> origin/master
[21/Aug/2019 06:48:51] "POST / HTTP/1.1" 200 89
From ssh://gitlab.ezbuy.me:10022/devops/ops-waf
   237d282..d5107a9  master     -> origin/master
[21/Aug/2019 06:49:52] "POST / HTTP/1.1" 200 124
From ssh://gitlab.ezbuy.me:10022/devops/ops-waf
   d5107a9..3d6b1c7  master     -> origin/master
[21/Aug/2019 06:51:26] "POST / HTTP/1.1" 200 109
From ssh://gitlab.ezbuy.me:10022/devops/ops-waf
   3d6b1c7..802dc6b  master     -> origin/master
[21/Aug/2019 06:52:06] "POST / HTTP/1.1" 200 104
From ssh://gitlab.ezbuy.me:10022/devops/ops-waf
   802dc6b..fb35ba3  master     -> origin/master
[21/Aug/2019 06:56:26] "POST / HTTP/1.1" 200 134
From ssh://gitlab.ezbuy.me:10022/devops/ops-waf
   fb35ba3..386aa37  master     -> origin/master
[21/Aug/2019 06:56:43] "POST / HTTP/1.1" 200 104
From ssh://gitlab.ezbuy.me:10022/devops/ops-waf
   386aa37..2318317  master     -> origin/master
[21/Aug/2019 06:57:14] "POST / HTTP/1.1" 200 104
From ssh://gitlab.ezbuy.me:10022/devops/ops-waf
   2318317..78dfae8  master     -> origin/master
[21/Aug/2019 06:57:47] "POST / HTTP/1.1" 200 108
From ssh://gitlab.ezbuy.me:10022/devops/ops-waf
   78dfae8..c37a701  master     -> origin/master
[21/Aug/2019 06:58:05] "POST / HTTP/1.1" 200 103
From ssh://gitlab.ezbuy.me:10022/devops/ops-waf
   c37a701..cd3330f  master     -> origin/master
[21/Aug/2019 07:01:29] "POST / HTTP/1.1" 200 104
From ssh://gitlab.ezbuy.me:10022/devops/ops-waf
   cd3330f..d3a771d  master     -> origin/master
[21/Aug/2019 07:08:37] "POST / HTTP/1.1" 200 128
From ssh://gitlab.ezbuy.me:10022/devops/ops-waf
   d3a771d..b913b61  master     -> origin/master
[21/Aug/2019 07:09:28] "POST / HTTP/1.1" 200 103
From ssh://gitlab.ezbuy.me:10022/devops/ops-waf
   b913b61..8207df4  master     -> origin/master
[21/Aug/2019 07:12:45] "POST / HTTP/1.1" 200 129
From ssh://gitlab.ezbuy.me:10022/devops/ops-waf
   8207df4..cec8b0e  master     -> origin/master
[21/Aug/2019 07:15:32] "POST / HTTP/1.1" 200 123
From ssh://gitlab.ezbuy.me:10022/devops/ops-waf
   cec8b0e..eb38f4c  master     -> origin/master
[21/Aug/2019 07:24:15] "POST / HTTP/1.1" 200 161
From ssh://gitlab.ezbuy.me:10022/devops/ops-waf
   eb38f4c..e2a2b89  master     -> origin/master
[21/Aug/2019 07:25:12] "POST / HTTP/1.1" 200 103
From ssh://gitlab.ezbuy.me:10022/devops/ops-waf
   e2a2b89..ef2a73d  master     -> origin/master
[21/Aug/2019 07:25:43] "POST / HTTP/1.1" 200 103
From ssh://gitlab.ezbuy.me:10022/devops/ops-waf
   ef2a73d..c12e835  master     -> origin/master
[21/Aug/2019 07:26:02] "POST / HTTP/1.1" 200 103
From ssh://gitlab.ezbuy.me:10022/devops/ops-waf
   c12e835..aa3df05  master     -> origin/master
[21/Aug/2019 07:27:09] "POST / HTTP/1.1" 200 105
From ssh://gitlab.ezbuy.me:10022/devops/ops-waf
   aa3df05..5047108  master     -> origin/master
[21/Aug/2019 07:28:33] "POST / HTTP/1.1" 200 103
From ssh://gitlab.ezbuy.me:10022/devops/ops-waf
   5047108..7d25c01  master     -> origin/master
[21/Aug/2019 07:30:59] "POST / HTTP/1.1" 200 115
From ssh://gitlab.ezbuy.me:10022/devops/ops-waf
   7d25c01..ab9d1bb  master     -> origin/master
[21/Aug/2019 07:34:18] "POST / HTTP/1.1" 200 103
From ssh://gitlab.ezbuy.me:10022/devops/ops-waf
   ab9d1bb..aed1538  master     -> origin/master
[21/Aug/2019 07:39:47] "POST / HTTP/1.1" 200 109
From ssh://gitlab.ezbuy.me:10022/devops/ops-waf
   aed1538..f471f79  master     -> origin/master
[21/Aug/2019 07:40:11] "POST / HTTP/1.1" 200 103
From ssh://gitlab.ezbuy.me:10022/devops/ops-waf
   f471f79..baa54f9  master     -> origin/master
[21/Aug/2019 07:40:59] "POST / HTTP/1.1" 200 108
From ssh://gitlab.ezbuy.me:10022/devops/ops-waf
   baa54f9..3b3668f  master     -> origin/master
[21/Aug/2019 07:41:19] "POST / HTTP/1.1" 200 103
From ssh://gitlab.ezbuy.me:10022/devops/ops-waf
   3b3668f..0d567d5  master     -> origin/master
[21/Aug/2019 07:44:13] "POST / HTTP/1.1" 200 110
From ssh://gitlab.ezbuy.me:10022/devops/ops-waf
   0d567d5..8e0b2a1  master     -> origin/master
[21/Aug/2019 07:57:57] "POST / HTTP/1.1" 200 108
From ssh://gitlab.ezbuy.me:10022/devops/ops-waf
   8e0b2a1..46532c5  master     -> origin/master
[21/Aug/2019 07:59:20] "POST / HTTP/1.1" 200 109
From ssh://gitlab.ezbuy.me:10022/devops/ops-waf
   46532c5..c86ef8b  master     -> origin/master
[21/Aug/2019 07:59:46] "POST / HTTP/1.1" 200 103
From ssh://gitlab.ezbuy.me:10022/devops/ops-waf
   c86ef8b..bb6fe19  master     -> origin/master
[21/Aug/2019 08:00:53] "POST / HTTP/1.1" 200 107
From ssh://gitlab.ezbuy.me:10022/devops/ops-waf
   bb6fe19..92e17b3  master     -> origin/master
[21/Aug/2019 08:01:31] "POST / HTTP/1.1" 200 103
From ssh://gitlab.ezbuy.me:10022/devops/ops-waf
   92e17b3..614a530  master     -> origin/master
[21/Aug/2019 08:03:19] "POST / HTTP/1.1" 200 108
From ssh://gitlab.ezbuy.me:10022/devops/ops-waf
   614a530..dd25706  master     -> origin/master
[21/Aug/2019 08:04:28] "POST / HTTP/1.1" 200 127
From ssh://gitlab.ezbuy.me:10022/devops/ops-waf
   dd25706..844c5bc  master     -> origin/master
[21/Aug/2019 08:06:10] "POST / HTTP/1.1" 200 167
From ssh://gitlab.ezbuy.me:10022/devops/ops-waf
   844c5bc..f616732  master     -> origin/master
[21/Aug/2019 08:06:26] "POST / HTTP/1.1" 200 103
From ssh://gitlab.ezbuy.me:10022/devops/ops-waf
   f616732..7330cdc  master     -> origin/master
[21/Aug/2019 08:06:56] "POST / HTTP/1.1" 200 107
From ssh://gitlab.ezbuy.me:10022/devops/ops-waf
   7330cdc..2d07ace  master     -> origin/master
[21/Aug/2019 08:08:37] "POST / HTTP/1.1" 200 114
From ssh://gitlab.ezbuy.me:10022/devops/ops-waf
   2d07ace..a00daff  master     -> origin/master
[21/Aug/2019 08:10:42] "POST / HTTP/1.1" 200 109
From ssh://gitlab.ezbuy.me:10022/devops/ops-waf
   a00daff..1a28e1e  master     -> origin/master
[21/Aug/2019 08:14:07] "POST / HTTP/1.1" 200 105
From ssh://gitlab.ezbuy.me:10022/devops/ops-waf
   1a28e1e..3f2c00a  master     -> origin/master
[21/Aug/2019 08:15:12] "POST / HTTP/1.1" 200 103
From ssh://gitlab.ezbuy.me:10022/devops/ops-waf
   3f2c00a..1eb38ef  master     -> origin/master
[21/Aug/2019 08:17:18] "POST / HTTP/1.1" 200 103
From ssh://gitlab.ezbuy.me:10022/devops/ops-waf
   1eb38ef..36692a4  master     -> origin/master
[21/Aug/2019 08:19:14] "POST / HTTP/1.1" 200 109
From ssh://gitlab.ezbuy.me:10022/devops/ops-waf
   36692a4..11870b0  master     -> origin/master
[21/Aug/2019 08:22:42] "POST / HTTP/1.1" 200 105
[21/Aug/2019 08:37:37] "GET / HTTP/1.1" 200 20
[21/Aug/2019 08:37:37] "GET /favicon.ico HTTP/1.1" 200 20
